[23:17:16] [Server thread/INFO]: Starting minecraft server version 1.8.8
[23:17:16] [Server thread/INFO]: Loading properties
[23:17:16] [Server thread/INFO]: Default game type: SURVIVAL
[23:17:16] [Server thread/INFO]: This server is running CraftBukkit version git-PaperSpigot-445 (MC: 1.8.8) (Implementing API version 1.8.8-R0.1-SNAPSHOT)
[23:17:16] [Server thread/INFO]: Debug logging is disabled
[23:17:16] [Server thread/INFO]: Spigot Timings: true - Verbose: true - Interval: 5m - Length: 60m
[23:17:16] [Server thread/INFO]: Server Ping Player Sample Count: 12

[23:17:16] [Server thread/INFO]: Using 4 threads for Netty based IO
[23:17:16] [Server thread/INFO]: Data value allowed items: 
[23:17:16] [Server thread/WARN]: java.lang.NoSuchFieldException: modifiers

[23:17:16] [Server thread/WARN]: 	at java.base/java.lang.Class.getDeclaredField(Class.java:2610)

[23:17:16] [Server thread/WARN]: 	at org.github.paperspigot.PaperSpigotConfig.stackableBuckets(PaperSpigotConfig.java:192)

[23:17:16] [Server thread/WARN]: 	at java.base/jdk.internal.reflect.NativeMethodAccessorImpl.invoke0(Native Method)

[23:17:16] [Server thread/WARN]: 	at java.base/jdk.internal.reflect.NativeMethodAccessorImpl.invoke(NativeMethodAccessorImpl.java:77)

[23:17:16] [Server thread/WARN]: 	at java.base/jdk.internal.reflect.DelegatingMethodAccessorImpl.invoke(DelegatingMethodAccessorImpl.java:43)

[23:17:16] [Server thread/WARN]: 	at java.base/java.lang.reflect.Method.invoke(Method.java:568)

[23:17:16] [Server thread/WARN]: 	at org.github.paperspigot.PaperSpigotConfig.readConfig(PaperSpigotConfig.java:84)

[23:17:16] [Server thread/WARN]: 	at org.github.paperspigot.PaperSpigotConfig.init(PaperSpigotConfig.java:62)

[23:17:16] [Server thread/WARN]: 	at net.minecraft.server.v1_8_R3.DedicatedServer.init(DedicatedServer.java:181)

[23:17:16] [Server thread/WARN]: 	at net.minecraft.server.v1_8_R3.MinecraftServer.run(MinecraftServer.java:563)

[23:17:16] [Server thread/WARN]: 	at java.base/java.lang.Thread.run(Thread.java:833)

[23:17:16] [Server thread/INFO]: Generating keypair
[23:17:16] [Server thread/INFO]: Starting Minecraft server on localhost:25565
[23:17:16] [Server thread/INFO]: Your platform does not provide complete low-level API for accessing direct buffers reliably. Unless explicitly requested, heap buffer will always be preferred to avoid potential system unstability.
[23:17:16] [Server thread/INFO]: Using default channel type
[23:17:17] [Server thread/INFO]: Set PluginClassLoader as parallel capable
[23:17:17] [Server thread/INFO]: [ClearLag] Loading ClearLag v3.2.2
[23:17:17] [Server thread/INFO]: [AdvancedAntiXray] Loading AdvancedAntiXray v1.5.2
[23:17:17] [Server thread/INFO]: [NoCheatPlus] Loading NoCheatPlus v3.16.0-RC-sMD5NET-b1134
[23:17:17] [Server thread/INFO]: [NoCheatPlus] onLoad: Early set up of static API, configuration, logging.
[23:17:17] [Server thread/INFO]: [NoCheatPlus] Logging system initialized.
[23:17:17] [Server thread/INFO]: [NoCheatPlus] Detected Minecraft version: 1.8.8
[23:17:17] [Server thread/INFO]: [LuckPerms] Loading LuckPerms v5.4.62
[23:17:18] [Server thread/INFO]: [EliteArmor] Loading EliteArmor v6.6.5
[23:17:18] [Server thread/INFO]: [Vault] Loading Vault v1.5.6-b49
[23:17:18] [Server thread/INFO]: [Essentials] Loading Essentials v2.19.7
[23:17:18] [Server thread/INFO]: [TModsServerAddons_Ranks] Loading TModsServerAddons_Ranks v1.14
[23:17:18] [Server thread/INFO]: [Clans] Loading Clans v0.4.5
[23:17:18] [Server thread/INFO]: [EconomyShopGUI] Loading EconomyShopGUI v5.2.4
[23:17:18] [Server thread/INFO]: [AuthMe] Loading AuthMe v5.6.0-beta2-b2453
[23:17:18] [Server thread/INFO]: [Magic] Loading Magic v5.5.6
[23:17:18] [Server thread/INFO]: [LuckPerms] Enabling LuckPerms v5.4.62
[23:17:18] [Server thread/INFO]:         __    

[23:17:18] [Server thread/INFO]:   |    |__)   LuckPerms v5.4.62

[23:17:18] [Server thread/INFO]:   |___ |      Running on Bukkit - CraftBukkit

[23:17:18] [Server thread/INFO]: [LuckPerms] Loading configuration...
[23:17:19] [Server thread/INFO]: [LuckPerms] Loading storage provider... [H2]
[23:17:19] [Server thread/INFO]: [LuckPerms] Loading internal permission managers...
[23:17:19] [Server thread/INFO]: [LuckPerms] Performing initial data load...
[23:17:20] [Server thread/INFO]: [LuckPerms] Successfully enabled. (took 1541ms)
[23:17:20] [Server thread/INFO]: [Vault] Enabling Vault v1.5.6-b49
[23:17:20] [Server thread/INFO]: [Vault] [Economy] Essentials Economy found: Waiting
[23:17:20] [Server thread/INFO]: [Vault] [Permission] SuperPermissions loaded as backup permission system.
[23:17:20] [Server thread/INFO]: [Vault] Enabled Version 1.5.6-b49
[23:17:20] [Server thread/INFO]: [LuckPerms] Registered Vault permission & chat hook.
[23:17:20] [Server thread/WARN]: **** SERVER IS RUNNING IN OFFLINE/INSECURE MODE!
[23:17:20] [Server thread/WARN]: The server will make no attempt to authenticate usernames. Beware.
[23:17:20] [Server thread/WARN]: Whilst this makes it possible to use BungeeCord, unless access to your server is properly restricted, it also opens up the ability for hackers to connect with any username they choose.
[23:17:20] [Server thread/WARN]: Please see http://www.spigotmc.org/wiki/firewall-guide/ for further information.
[23:17:20] [Server thread/WARN]: To change this, set "online-mode" to "true" in the server.properties file.
[23:17:20] [Server thread/INFO]: **** Beginning UUID conversion, this may take A LONG time ****
[23:17:20] [Server thread/INFO]: Preparing level "world"
[23:17:20] [Server thread/INFO]: -------- World Settings For [world] --------
[23:17:20] [Server thread/INFO]: Cactus Growth Modifier: 100%
[23:17:20] [Server thread/INFO]: Cane Growth Modifier: 100%
[23:17:20] [Server thread/INFO]: Melon Growth Modifier: 100%
[23:17:20] [Server thread/INFO]: Mushroom Growth Modifier: 100%
[23:17:20] [Server thread/INFO]: Pumpkin Growth Modifier: 100%
[23:17:20] [Server thread/INFO]: Sapling Growth Modifier: 100%
[23:17:20] [Server thread/INFO]: Wheat Growth Modifier: 100%
[23:17:20] [Server thread/INFO]: NetherWart Growth Modifier: 100%
[23:17:20] [Server thread/INFO]: Mob Spawn Range: 4
[23:17:20] [Server thread/INFO]: Anti X-Ray: true
[23:17:20] [Server thread/INFO]: 	Engine Mode: 1
[23:17:20] [Server thread/INFO]: 	Hidden Blocks: [14, 15, 16, 21, 48, 49, 54, 56, 73, 74, 82, 129, 130]
[23:17:20] [Server thread/INFO]: 	Replace Blocks: [1, 5]
[23:17:20] [Server thread/INFO]: Nerfing mobs spawned from spawners: false
[23:17:20] [Server thread/INFO]: Entity Activation Range: An 32 / Mo 32 / Mi 16
[23:17:20] [Server thread/INFO]: Entity Tracking Range: Pl 48 / An 48 / Mo 48 / Mi 32 / Other 64
[23:17:20] [Server thread/INFO]: Hopper Transfer: 8 Hopper Check: 8 Hopper Amount: 1
[23:17:20] [Server thread/INFO]: Random Lighting Updates: false
[23:17:20] [Server thread/INFO]: Structure Info Saving: true
[23:17:20] [Server thread/INFO]: Sending up to 10 chunks per packet
[23:17:20] [Server thread/INFO]: Max Entity Collisions: 8
[23:17:20] [Server thread/INFO]: Custom Map Seeds:  Village: 10387312 Feature: 14357617
[23:17:20] [Server thread/INFO]: Max TNT Explosions: 100
[23:17:20] [Server thread/INFO]: Tile Max Tick Time: 50ms Entity max Tick Time: 50ms
[23:17:20] [Server thread/INFO]: Item Despawn Rate: 6000
[23:17:20] [Server thread/INFO]: Item Merge Radius: 2.5
[23:17:20] [Server thread/INFO]: Arrow Despawn Rate: 1200
[23:17:20] [Server thread/INFO]: View Distance: 4
[23:17:20] [Server thread/INFO]: Allow Zombie Pigmen to spawn from portal blocks: true
[23:17:20] [Server thread/INFO]: Zombie Aggressive Towards Villager: true
[23:17:20] [Server thread/INFO]: Chunks to Grow per Tick: 650
[23:17:20] [Server thread/INFO]: Clear tick list: false
[23:17:20] [Server thread/INFO]: Experience Merge Radius: 3.0
[23:17:20] [Server thread/INFO]: -------- World Settings For [world] --------
[23:17:20] [Server thread/INFO]: Squids will spawn between Y: 45.0 and Y: 63.0
[23:17:20] [Server thread/INFO]: Max height for cactus growth 3. Max height for reed growth 3
[23:17:20] [Server thread/INFO]: Living Entity Despawn Ranges:  Soft: 32 Hard: 128
[23:17:20] [Server thread/INFO]: Remove invalid mob spawner tile entities: true
[23:17:20] [Server thread/INFO]: Player blocking damage multiplier set to 0.5
[23:17:20] [Server thread/INFO]: Water over lava flow speed: 5
[23:17:20] [Server thread/INFO]: Fix TNT cannons: false
[23:17:20] [Server thread/INFO]: Allow undead horse types to be leashed: false
[23:17:20] [Server thread/INFO]: Keep spawn chunk loaded: true
[23:17:20] [Server thread/INFO]: World async lighting: false
[23:17:20] [Server thread/INFO]: WorldServer TickNextTick cap set at 10000
[23:17:20] [Server thread/INFO]: WorldServer TickNextTickList cap always processes redstone: false
[23:17:20] [Server thread/INFO]: -------- World Settings For [world_nether] --------
[23:17:20] [Server thread/INFO]: Cactus Growth Modifier: 100%
[23:17:20] [Server thread/INFO]: Cane Growth Modifier: 100%
[23:17:20] [Server thread/INFO]: Melon Growth Modifier: 100%
[23:17:20] [Server thread/INFO]: Mushroom Growth Modifier: 100%
[23:17:20] [Server thread/INFO]: Pumpkin Growth Modifier: 100%
[23:17:20] [Server thread/INFO]: Sapling Growth Modifier: 100%
[23:17:20] [Server thread/INFO]: Wheat Growth Modifier: 100%
[23:17:20] [Server thread/INFO]: NetherWart Growth Modifier: 100%
[23:17:20] [Server thread/INFO]: Mob Spawn Range: 4
[23:17:20] [Server thread/INFO]: Anti X-Ray: true
[23:17:20] [Server thread/INFO]: 	Engine Mode: 1
[23:17:20] [Server thread/INFO]: 	Hidden Blocks: [14, 15, 16, 21, 48, 49, 54, 56, 73, 74, 82, 129, 130]
[23:17:20] [Server thread/INFO]: 	Replace Blocks: [1, 5]
[23:17:20] [Server thread/INFO]: Nerfing mobs spawned from spawners: false
[23:17:20] [Server thread/INFO]: Entity Activation Range: An 32 / Mo 32 / Mi 16
[23:17:20] [Server thread/INFO]: Entity Tracking Range: Pl 48 / An 48 / Mo 48 / Mi 32 / Other 64
[23:17:20] [Server thread/INFO]: Hopper Transfer: 8 Hopper Check: 8 Hopper Amount: 1
[23:17:20] [Server thread/INFO]: Random Lighting Updates: false
[23:17:20] [Server thread/INFO]: Structure Info Saving: true
[23:17:20] [Server thread/INFO]: Sending up to 10 chunks per packet
[23:17:20] [Server thread/INFO]: Max Entity Collisions: 8
[23:17:20] [Server thread/INFO]: Custom Map Seeds:  Village: 10387312 Feature: 14357617
[23:17:20] [Server thread/INFO]: Max TNT Explosions: 100
[23:17:20] [Server thread/INFO]: Tile Max Tick Time: 50ms Entity max Tick Time: 50ms
[23:17:20] [Server thread/INFO]: Item Despawn Rate: 6000
[23:17:20] [Server thread/INFO]: Item Merge Radius: 2.5
[23:17:20] [Server thread/INFO]: Arrow Despawn Rate: 1200
[23:17:20] [Server thread/INFO]: View Distance: 4
[23:17:20] [Server thread/INFO]: Allow Zombie Pigmen to spawn from portal blocks: true
[23:17:20] [Server thread/INFO]: Zombie Aggressive Towards Villager: true
[23:17:20] [Server thread/INFO]: Chunks to Grow per Tick: 650
[23:17:20] [Server thread/INFO]: Clear tick list: false
[23:17:20] [Server thread/INFO]: Experience Merge Radius: 3.0
[23:17:20] [Server thread/INFO]: -------- World Settings For [world_nether] --------
[23:17:20] [Server thread/INFO]: Squids will spawn between Y: 45.0 and Y: 63.0
[23:17:20] [Server thread/INFO]: Max height for cactus growth 3. Max height for reed growth 3
[23:17:20] [Server thread/INFO]: Living Entity Despawn Ranges:  Soft: 32 Hard: 128
[23:17:20] [Server thread/INFO]: Remove invalid mob spawner tile entities: true
[23:17:20] [Server thread/INFO]: Player blocking damage multiplier set to 0.5
[23:17:20] [Server thread/INFO]: Water over lava flow speed: 5
[23:17:20] [Server thread/INFO]: Fix TNT cannons: false
[23:17:20] [Server thread/INFO]: Allow undead horse types to be leashed: false
[23:17:20] [Server thread/INFO]: Keep spawn chunk loaded: true
[23:17:20] [Server thread/INFO]: World async lighting: false
[23:17:20] [Server thread/INFO]: WorldServer TickNextTick cap set at 10000
[23:17:20] [Server thread/INFO]: WorldServer TickNextTickList cap always processes redstone: false
[23:17:20] [Server thread/INFO]: -------- World Settings For [world_the_end] --------
[23:17:20] [Server thread/INFO]: Cactus Growth Modifier: 100%
[23:17:20] [Server thread/INFO]: Cane Growth Modifier: 100%
[23:17:20] [Server thread/INFO]: Melon Growth Modifier: 100%
[23:17:20] [Server thread/INFO]: Mushroom Growth Modifier: 100%
[23:17:20] [Server thread/INFO]: Pumpkin Growth Modifier: 100%
[23:17:20] [Server thread/INFO]: Sapling Growth Modifier: 100%
[23:17:20] [Server thread/INFO]: Wheat Growth Modifier: 100%
[23:17:20] [Server thread/INFO]: NetherWart Growth Modifier: 100%
[23:17:20] [Server thread/INFO]: Mob Spawn Range: 4
[23:17:20] [Server thread/INFO]: Anti X-Ray: true
[23:17:20] [Server thread/INFO]: 	Engine Mode: 1
[23:17:20] [Server thread/INFO]: 	Hidden Blocks: [14, 15, 16, 21, 48, 49, 54, 56, 73, 74, 82, 129, 130]
[23:17:20] [Server thread/INFO]: 	Replace Blocks: [1, 5]
[23:17:20] [Server thread/INFO]: Nerfing mobs spawned from spawners: false
[23:17:20] [Server thread/INFO]: Entity Activation Range: An 32 / Mo 32 / Mi 16
[23:17:20] [Server thread/INFO]: Entity Tracking Range: Pl 48 / An 48 / Mo 48 / Mi 32 / Other 64
[23:17:20] [Server thread/INFO]: Hopper Transfer: 8 Hopper Check: 8 Hopper Amount: 1
[23:17:20] [Server thread/INFO]: Random Lighting Updates: false
[23:17:20] [Server thread/INFO]: Structure Info Saving: true
[23:17:20] [Server thread/INFO]: Sending up to 10 chunks per packet
[23:17:20] [Server thread/INFO]: Max Entity Collisions: 8
[23:17:20] [Server thread/INFO]: Custom Map Seeds:  Village: 10387312 Feature: 14357617
[23:17:20] [Server thread/INFO]: Max TNT Explosions: 100
[23:17:20] [Server thread/INFO]: Tile Max Tick Time: 50ms Entity max Tick Time: 50ms
[23:17:20] [Server thread/INFO]: Item Despawn Rate: 6000
[23:17:20] [Server thread/INFO]: Item Merge Radius: 2.5
[23:17:20] [Server thread/INFO]: Arrow Despawn Rate: 1200
[23:17:20] [Server thread/INFO]: View Distance: 4
[23:17:20] [Server thread/INFO]: Allow Zombie Pigmen to spawn from portal blocks: true
[23:17:20] [Server thread/INFO]: Zombie Aggressive Towards Villager: true
[23:17:20] [Server thread/INFO]: Chunks to Grow per Tick: 650
[23:17:20] [Server thread/INFO]: Clear tick list: false
[23:17:20] [Server thread/INFO]: Experience Merge Radius: 3.0
[23:17:20] [Server thread/INFO]: -------- World Settings For [world_the_end] --------
[23:17:20] [Server thread/INFO]: Squids will spawn between Y: 45.0 and Y: 63.0
[23:17:20] [Server thread/INFO]: Max height for cactus growth 3. Max height for reed growth 3
[23:17:20] [Server thread/INFO]: Living Entity Despawn Ranges:  Soft: 32 Hard: 128
[23:17:20] [Server thread/INFO]: Remove invalid mob spawner tile entities: true
[23:17:20] [Server thread/INFO]: Player blocking damage multiplier set to 0.5
[23:17:20] [Server thread/INFO]: Water over lava flow speed: 5
[23:17:20] [Server thread/INFO]: Fix TNT cannons: false
[23:17:20] [Server thread/INFO]: Allow undead horse types to be leashed: false
[23:17:20] [Server thread/INFO]: Keep spawn chunk loaded: true
[23:17:20] [Server thread/INFO]: World async lighting: false
[23:17:20] [Server thread/INFO]: WorldServer TickNextTick cap set at 10000
[23:17:20] [Server thread/INFO]: WorldServer TickNextTickList cap always processes redstone: false
[23:17:20] [Server thread/INFO]: Preparing start region for level 0 (Seed: -5224491913714006000)
[23:17:21] [Server thread/INFO]: Preparing spawn area: 19%
[23:17:22] [Server thread/INFO]: Preparing start region for level 1 (Seed: -5224491913714006000)
[23:17:23] [Server thread/INFO]: Preparing start region for level 2 (Seed: -5224491913714006000)
[23:17:23] [Server thread/INFO]: [ClearLag] Enabling ClearLag v3.2.2
[23:17:23] [Server thread/INFO]: [ClearLag] Using version-adapter: LegacyVersionAdapter
[23:17:23] [Server thread/INFO]: [ClearLag] Loading modules...
[23:17:23] [Server thread/INFO]: [ClearLag] Modules enabed, loading config values
[23:17:23] [Server thread/INFO]: [ClearLag] Modules have been loaded!
[23:17:23] [Server thread/INFO]: [ClearLag] Clearlag is now enabled!
[23:17:23] [Server thread/INFO]: [AdvancedAntiXray] Enabling AdvancedAntiXray v1.5.2
[23:17:23] [Thread-6/INFO]: [ClearLag] Checking for updates compatible with your bukkit version [1.8]...
[23:17:23] [Server thread/INFO]: [NoCheatPlus] Enabling NoCheatPlus v3.16.0-RC-sMD5NET-b1134
[23:17:23] [Server thread/INFO]: [NoCheatPlus] McAccess set to: 1.8.4-1.8.8 / Spigot-CB-1.8_R3
[23:17:23] [Server thread/INFO]: [NoCheatPlus] Added block-info for Minecraft 1.5 blocks.
[23:17:23] [Server thread/INFO]: [NoCheatPlus] Added block-info for Minecraft 1.6.1 blocks.
[23:17:23] [Server thread/INFO]: [NoCheatPlus] Added block-info for Minecraft 1.7.2 blocks.
[23:17:23] [Server thread/INFO]: [NoCheatPlus] Added block-info for Minecraft 1.8 blocks.
[23:17:23] [Server thread/INFO]: [NoCheatPlus] Inventory checks: FastConsume is available, disabled InstantEat.
[23:17:23] [Server thread/INFO]: [NoCheatPlus] Packet level access: ProtocolLib is not available.
[23:17:23] [Thread-6/INFO]: [ClearLag] No updates found!
[23:17:23] [Server thread/INFO]: [NoCheatPlus] Version 3.16.0-RC-sMD5NET-b1134 is enabled.
[23:17:24] [Server thread/INFO]: [EliteArmor] Enabling EliteArmor v6.6.5
[23:17:24] [Server thread/INFO]: [Essentials] Enabling Essentials v2.19.7
[23:17:24] [Server thread/INFO]: You are running a server with limited API functionality. EssentialsX will still work, but certain features may be disabled.
[23:17:24] [Server thread/INFO]: Attempting to convert old kits in config.yml to new kits.yml
[23:17:24] [Server thread/INFO]: No kits found to migrate.
[23:17:24] [Server thread/INFO]: Loaded 853 items from items.csv.
[23:17:24] [Server thread/INFO]: Using locale en
[23:17:24] [Server thread/INFO]: ServerListPingEvent: Spigot iterator API
[23:17:24] [Server thread/INFO]: Starting Metrics. Opt-out using the global bStats config.
[23:17:24] [Server thread/INFO]: [Vault][Economy] Essentials Economy hooked.
[23:17:24] [Server thread/INFO]: Using Vault based permissions (LuckPerms)
[23:17:24] [Server thread/INFO]: [TModsServerAddons_Ranks] Enabling TModsServerAddons_Ranks v1.14
[23:17:24] [Server thread/INFO]: [Clans] Enabling Clans v0.4.5
[23:17:24] [Server thread/INFO]: [EconomyShopGUI] Enabling EconomyShopGUI v5.2.4
[23:17:24] [Server thread/INFO]: [EconomyShopGUI] Using lang-en.yml as language file.
[23:17:24] [Server thread/INFO]: [EconomyShopGUI] Shops.yml has been found!
[23:17:25] [Server thread/INFO]: [EconomyShopGUI] Sections.yml has been found!
[23:17:25] [Server thread/INFO]: [EconomyShopGUI] Successfully hooked into Vault
[23:17:25] [Server thread/WARN]: [EconomyShopGUI] Completed loading '1' economy provider(s) for all 16 shop sections.
[23:17:25] [Server thread/INFO]: [EconomyShopGUI] Using minecraft version 1.8.8...
[23:17:25] [Server thread/INFO]: [EconomyShopGUI] Spawner provider set to DEFAULT in config
[23:17:25] [Server thread/WARN]: [EconomyShopGUI] This item material is not supported in this minecraft version.
[23:17:25] [Server thread/WARN]: [EconomyShopGUI] Item path in config.yml: spawner-break-tools.3
[23:17:25] [Server thread/INFO]: [EconomyShopGUI] Using plugin default spawners...
[23:17:25] [Server thread/INFO]: [EconomyShopGUI] Debug mode is enabled.
[23:17:25] [Server thread/INFO]: [EconomyShopGUI] Updating Shop settings...
[23:17:25] [Server thread/INFO]: [EconomyShopGUI] Loading all items...
[23:17:25] [Server thread/INFO]: [EconomyShopGUI] Initialized - Took 250ms to complete
[23:17:25] [Server thread/INFO]: [AuthMe] Enabling AuthMe v5.6.0-beta2-b2453
[23:17:25] [Server thread/INFO]: [AuthMe] SQLite Setup finished
[23:17:25] [Server thread/INFO]: [AuthMe] Hooked into LuckPerms!
[23:17:25] [Server thread/INFO]: [AuthMe] Hooked successfully into Essentials
[23:17:25] [Server thread/INFO]: [AuthMe] Essentials spawn file not found: '/workspaces/magicserver/server/plugins/Essentials/spawn.yml'
[23:17:25] [Server thread/WARN]: [AuthMe] WARNING! The protectInventory feature requires ProtocolLib! Disabling it...
[23:17:25] [Server thread/INFO]: [AuthMe] AuthMe 5.6.0-beta2 build n.2453 successfully enabled!
[23:17:25] [Server thread/INFO]: [Magic] Enabling Magic v5.5.6
[23:17:25] [Server thread/INFO]: [Magic] EffectLib initialized
[23:17:25] [Server thread/INFO]: [Magic] Loading config.yml
[23:17:25] [Server thread/INFO]: [Magic]  Based on defaults defaults/config.defaults.yml
[23:17:25] [Server thread/INFO]: [Magic] Loading messages.yml
[23:17:25] [Server thread/INFO]: [Magic]  Based on defaults defaults/messages.defaults.yml
[23:17:25] [Server thread/INFO]: [Magic] Loading materials.yml
[23:17:25] [Server thread/INFO]: [Magic]  Based on defaults defaults/materials.defaults.yml
[23:17:26] [Server thread/INFO]: [Magic] Loading spells.yml
[23:17:26] [Server thread/INFO]: [Magic]  Based on defaults defaults/spells.defaults.yml
[23:17:26] [Server thread/INFO]: [Magic] Loading enchanting.yml
[23:17:26] [Server thread/INFO]: [Magic]  Based on defaults defaults/enchanting.defaults.yml
[23:17:26] [Server thread/INFO]: [Magic] Loading wands.yml
[23:17:26] [Server thread/INFO]: [Magic]  Based on defaults defaults/wands.defaults.yml
[23:17:26] [Server thread/INFO]: [Magic] Loading crafting.yml
[23:17:26] [Server thread/INFO]: [Magic]  Based on defaults defaults/crafting.defaults.yml
[23:17:26] [Server thread/INFO]: [Magic] Loading mobs.yml
[23:17:26] [Server thread/INFO]: [Magic]  Based on defaults defaults/mobs.defaults.yml
[23:17:26] [Server thread/INFO]: [Magic] Loading items.yml
[23:17:26] [Server thread/INFO]: [Magic]  Based on defaults defaults/items.defaults.yml
[23:17:26] [Server thread/INFO]: [Magic] Wand enchanting is enabled
[23:17:26] [Server thread/INFO]: [Magic] Wand crafting is enabled
[23:17:26] [Server thread/INFO]: [Magic] Wand anvil organizing is enabled
[23:17:26] [Server thread/INFO]: [Magic] Skin-based custom icons enabled
[23:17:26] [Server thread/INFO]: [Magic] Loaded 37 items
[23:17:26] [Server thread/INFO]: [Magic] Loaded 11 mob templates
[23:17:26] [Server thread/INFO]: [Magic] Loaded 358 spells
[23:17:26] [Server thread/INFO]: [Magic] Loaded 14 enchanting paths
[23:17:26] [Server thread/INFO]: [Magic] Loaded 104 wands
[23:17:26] [Server thread/INFO]: [Magic] Loaded 20 crafting recipes
[23:17:26] [Server thread/INFO]: [Magic] BlockPhysics not found- install BlockPhysics for physics-based block effects
[23:17:26] [Server thread/INFO]: [Magic] LibsDisguises not found
[23:17:26] [Server thread/INFO]: [Magic] Integrated with Vault, virtual economy and descriptive item names available
[23:17:26] [Server thread/INFO]: [Magic] Integrating with Essentials for Recall warps
[23:17:26] [Server thread/INFO]: [Magic] dtlTraders not found, will not integrate.
[23:17:26] [Server thread/INFO]: [Magic] Factions not found, will not integrate.
[23:17:26] [Server thread/INFO]: [Magic] WorldGuard not found, region protection and pvp checks will not be used.
[23:17:26] [Server thread/INFO]: [Magic] Towny not found, region protection and pvp checks will not be used.
[23:17:26] [Server thread/INFO]: [Magic] Lockette not found, will not integrate.
[23:17:26] [Server thread/INFO]: [Magic] GriefPrevention not found, claim protection will not be used.
[23:17:26] [Server thread/INFO]: [Magic] NoCheatPlus found, adding exemption handlers.
[23:17:26] [Server thread/INFO]: [Magic] dynmap not found, not integrating.
[23:17:26] [Server thread/INFO]: [Magic] Citizens not found, Magic trait unavailable.
[23:17:26] [Server thread/INFO]: [Magic] Activated MCStats
[23:17:26] [Server thread/INFO]: [Magic] Disabled default crafting recipe for WOOD_HOE
[23:17:26] [Server thread/INFO]: [Magic] Adding crafting recipe for default
[23:17:26] [Server thread/INFO]: [Magic] Adding crafting recipe for magichat
[23:17:26] [Server thread/INFO]: [Magic] Disabled default crafting recipe for GOLD_HOE
[23:17:26] [Server thread/INFO]: [Magic] Adding crafting recipe for wizardchestplate
[23:17:26] [Server thread/INFO]: [Magic] Adding crafting recipe for apprenticechestplate
[23:17:26] [Server thread/INFO]: [Magic] Adding crafting recipe for rocketboots
[23:17:26] [Server thread/INFO]: [Magic] Disabled default crafting recipe for GOLD_SPADE
[23:17:26] [Server thread/INFO]: [Magic] Adding crafting recipe for broomstick
[23:17:26] [Server thread/INFO]: [Magic] Adding crafting recipe for wizardleggings
[23:17:26] [Server thread/INFO]: [Magic] Adding crafting recipe for apprenticeleggings
[23:17:26] [Server thread/INFO]: [Magic] Adding crafting recipe for invisiblecloak
[23:17:26] [Server thread/INFO]: [Magic] Disabled default crafting recipe for GOLD_SWORD
[23:17:26] [Server thread/INFO]: [Magic] Adding crafting recipe for battle
[23:17:26] [Server thread/INFO]: [Magic] Adding crafting recipe for rabbitboots
[23:17:26] [Server thread/INFO]: [Magic] Disabled default crafting recipe for GOLD_AXE
[23:17:26] [Server thread/INFO]: [Magic] Adding crafting recipe for wizardhelmet
[23:17:26] [Server thread/INFO]: [Magic] Adding crafting recipe for apprenticehelmet
[23:17:26] [Server thread/INFO]: [Magic] Adding crafting recipe for divinghelmet
[23:17:26] [Server thread/INFO]: [Magic] Adding crafting recipe for goggles
[23:17:26] [Server thread/INFO]: [Magic] Adding crafting recipe for blaster
[23:17:26] [Server thread/INFO]: [Magic] Adding crafting recipe for wizardboots
[23:17:26] [Server thread/INFO]: [Magic] Adding crafting recipe for apprenticeboots
[23:17:27] [Server thread/INFO]: Server permissions file permissions.yml is empty, ignoring it
[23:17:27] [Server thread/INFO]: Done (7.122s)! For help, type "help" or "?"
[23:17:27] [Server thread/INFO]: Timings Reset
[23:17:27] [Server thread/INFO]: [NoCheatPlus] Post-enable running...
[23:17:27] [Craft Scheduler Thread - 0/INFO]: [NoCheatPlus] Added hook: AllViolations(NCP) [1.0].
[23:17:27] [Server thread/INFO]: [NoCheatPlus] Post-enable finished.
[23:17:27] [Server thread/INFO]: Essentials found a compatible payment resolution method: Vault Compatibility Layer (v1.5.6-b49)!
[23:17:27] [Craft Scheduler Thread - 2/INFO]: ยง6Fetching version information...
[23:17:27] [Craft Scheduler Thread - 1/INFO]: [AuthMe] Downloading GEO IP database, because the old database is older than 30 days or doesn't exist
[23:17:27] [Craft Scheduler Thread - 1/WARN]: [AuthMe] No MaxMind credentials found in the configuration file! GeoIp protections will be disabled.
[23:17:27] [Craft Scheduler Thread - 1/INFO]: [AuthMe] There is no newer GEO IP database uploaded to MaxMind. Using the old one for now.
[23:17:27] [Craft Scheduler Thread - 1/WARN]: [AuthMe] Could not download GeoLiteAPI database [FileNotFoundException]: plugins/AuthMe/GeoLite2-Country.mmdb (No such file or directory)
[23:17:27] [Craft Scheduler Thread - 7/INFO]: [Vault] Checking for Updates ... 
[23:17:27] [Craft Scheduler Thread - 7/WARN]: [Vault] Stable Version: 1.7.3 is out! You are still running version: 1.5.6
[23:17:27] [Craft Scheduler Thread - 7/WARN]: [Vault] Update at: http://dev.bukkit.org/server-mods/vault
[23:17:27] [Server thread/WARN]: java.lang.NoClassDefFoundError: com/earth2me/essentials/ItemDb

[23:17:27] [Server thread/WARN]: 	at java.base/java.lang.ClassLoader.defineClass1(Native Method)

[23:17:27] [Server thread/WARN]: 	at java.base/java.lang.ClassLoader.defineClass(ClassLoader.java:1012)

[23:17:27] [Server thread/WARN]: 	at java.base/java.security.SecureClassLoader.defineClass(SecureClassLoader.java:150)

[23:17:27] [Server thread/WARN]: 	at java.base/java.net.URLClassLoader.defineClass(URLClassLoader.java:524)

[23:17:27] [Server thread/WARN]: 	at java.base/java.net.URLClassLoader$1.run(URLClassLoader.java:427)

[23:17:27] [Server thread/WARN]: 	at java.base/java.net.URLClassLoader$1.run(URLClassLoader.java:421)

[23:17:27] [Server thread/WARN]: 	at java.base/java.security.AccessController.doPrivileged(AccessController.java:712)

[23:17:27] [Server thread/WARN]: 	at java.base/java.net.URLClassLoader.findClass(URLClassLoader.java:420)

[23:17:27] [Server thread/WARN]: 	at org.bukkit.plugin.java.PluginClassLoader.findClass(PluginClassLoader.java:102)

[23:17:27] [Server thread/WARN]: 	at org.bukkit.plugin.java.JavaPluginLoader.getClassByName(JavaPluginLoader.java:193)

[23:17:27] [Server thread/WARN]: 	at org.bukkit.plugin.java.PluginClassLoader.findClass(PluginClassLoader.java:98)

[23:17:27] [Server thread/WARN]: 	at org.bukkit.plugin.java.PluginClassLoader.findClass(PluginClassLoader.java:87)

[23:17:27] [Server thread/WARN]: 	at java.base/java.lang.ClassLoader.loadClass(ClassLoader.java:587)

[23:17:27] [Server thread/WARN]: 	at java.base/java.lang.ClassLoader.loadClass(ClassLoader.java:520)

[23:17:27] [Server thread/WARN]: 	at com.elmakers.mine.bukkit.magic.MagicController$3.run(MagicController.java:839)

[23:17:27] [Server thread/WARN]: 	at org.bukkit.craftbukkit.v1_8_R3.scheduler.CraftTask.run(CraftTask.java:59)

[23:17:27] [Server thread/WARN]: 	at org.bukkit.craftbukkit.v1_8_R3.scheduler.CraftScheduler.mainThreadHeartbeat(CraftScheduler.java:352)

[23:17:27] [Server thread/WARN]: 	at net.minecraft.server.v1_8_R3.MinecraftServer.B(MinecraftServer.java:783)

[23:17:27] [Server thread/WARN]: 	at net.minecraft.server.v1_8_R3.DedicatedServer.B(DedicatedServer.java:378)

[23:17:27] [Server thread/WARN]: 	at net.minecraft.server.v1_8_R3.MinecraftServer.A(MinecraftServer.java:713)

[23:17:27] [Server thread/WARN]: 	at net.minecraft.server.v1_8_R3.MinecraftServer.run(MinecraftServer.java:616)

[23:17:27] [Server thread/WARN]: 	at java.base/java.lang.Thread.run(Thread.java:833)

[23:17:27] [Server thread/WARN]: Caused by: java.lang.ClassNotFoundException: com.earth2me.essentials.ItemDb

[23:17:27] [Server thread/WARN]: 	at java.base/java.net.URLClassLoader.findClass(URLClassLoader.java:445)

[23:17:27] [Server thread/WARN]: 	at org.bukkit.plugin.java.PluginClassLoader.findClass(PluginClassLoader.java:102)

[23:17:27] [Server thread/WARN]: 	at org.bukkit.plugin.java.PluginClassLoader.findClass(PluginClassLoader.java:87)

[23:17:27] [Server thread/WARN]: 	at java.base/java.lang.ClassLoader.loadClass(ClassLoader.java:587)

[23:17:27] [Server thread/WARN]: 	at java.base/java.lang.ClassLoader.loadClass(ClassLoader.java:520)

[23:17:27] [Server thread/WARN]: 	... 22 more

[23:17:27] [Server thread/INFO]: [Magic] Loading lost wand data
[23:17:27] [Server thread/INFO]: [Magic] Loaded 0 lost wands
[23:17:27] [Server thread/INFO]: [Magic] Loading automata data
[23:17:27] [Server thread/INFO]: [Magic] Loaded 0 automata
[23:17:27] [Server thread/INFO]: [Magic] Loading image map data from imagemaps.yml
[23:17:27] [Server thread/INFO]: [Magic] Loaded 0 image maps
[23:17:27] [Server thread/INFO]: [Magic] Finished loading data.
[23:17:27] [Server thread/INFO]: [NBTAPI] Found Spigot: v1_8_R3! Trying to find NMS support
[23:17:27] [Server thread/INFO]: [NBTAPI] NMS support 'MC1_8_R3' loaded!
[23:17:27] [Server thread/INFO]: [NBTAPI] Found Gson: class com.google.gson.Gson
[23:17:27] [Server thread/INFO]: EliteArmor: Loaded godofmain.yml successfully!

[23:17:27] [Server thread/INFO]: EliteArmor: Loaded dragon.yml successfully!

[23:17:27] [Server thread/INFO]: EliteArmor: Loaded supreme.yml successfully!

[23:17:27] [Server thread/INFO]: EliteArmor: Loaded yijki.yml successfully!

[23:17:27] [Server thread/INFO]: EliteArmor: Loaded phantom.yml successfully!

[23:17:27] [Server thread/INFO]: EliteArmor: Loaded spectrum.yml successfully!

[23:17:27] [Server thread/INFO]: EliteArmor: Loaded cobsidian.yml successfully!

[23:17:27] [Server thread/INFO]: EliteArmor: Loaded og-phantom.yml successfully!

[23:17:27] [Server thread/INFO]: EliteArmor: Loaded ancient.yml successfully!

[23:17:27] [Server thread/INFO]: EliteArmor: Loaded koth.yml successfully!

[23:17:27] [Server thread/INFO]: EliteArmor: Loaded yeti.yml successfully!

[23:17:27] [Server thread/INFO]: EliteArmor: Loaded engineer.yml successfully!

[23:17:27] [Server thread/INFO]: EliteArmor: Loaded traveller.yml successfully!

[23:17:27] [Server thread/INFO]: EliteArmor: Loaded ranger.yml successfully!

[23:17:27] [Server thread/INFO]: EliteArmor: Loaded rift.yml successfully!

[23:17:27] [Server thread/INFO]: EliteArmor: Loaded Modifiers: yeti_supreme.yml successfully!

[23:17:27] [Server thread/INFO]: EliteArmor: Loaded Modifiers: dragon_dragon.yml successfully!

[23:17:27] [Server thread/INFO]: EliteArmor: Loaded Modifiers: dragon.yml successfully!

[23:17:27] [Server thread/INFO]: EliteArmor: Loaded Modifiers: traveler_traveler.yml successfully!

[23:17:27] [Server thread/INFO]: EliteArmor: Loaded Modifiers: engineer_phantom.yml successfully!

[23:17:27] [Server thread/INFO]: EliteArmor: Loaded Modifiers: supreme_spectrum.yml successfully!

[23:17:27] [Server thread/INFO]: EliteArmor: Loaded Modifiers: traveler_supreme.yml successfully!

[23:17:27] [Server thread/INFO]: EliteArmor: Loaded Modifiers: supreme.yml successfully!

[23:17:27] [Server thread/INFO]: EliteArmor: Loaded Modifiers: yijki_yeti.yml successfully!

[23:17:27] [Server thread/INFO]: EliteArmor: Loaded Modifiers: koth_dragon.yml successfully!

[23:17:27] [Server thread/INFO]: EliteArmor: Loaded Modifiers: yijki.yml successfully!

[23:17:27] [Server thread/INFO]: EliteArmor: Loaded Modifiers: traveler_koth.yml successfully!

[23:17:27] [Server thread/INFO]: EliteArmor: Loaded Modifiers: yeti_traveler.yml successfully!

[23:17:27] [Server thread/INFO]: EliteArmor: Loaded Modifiers: spectrum_koth.yml successfully!

[23:17:27] [Server thread/INFO]: EliteArmor: Loaded Modifiers: rift_ranger.yml successfully!

[23:17:27] [Server thread/INFO]: EliteArmor: Loaded Modifiers: phantom.yml successfully!

[23:17:27] [Server thread/INFO]: EliteArmor: Loaded Modifiers: phantom_rift.yml successfully!

[23:17:27] [Server thread/INFO]: EliteArmor: Loaded Modifiers: dragon_phantom.yml successfully!

[23:17:27] [Server thread/INFO]: EliteArmor: Loaded Modifiers: supreme_engineer.yml successfully!

[23:17:27] [Server thread/INFO]: EliteArmor: Loaded Modifiers: koth_traveler.yml successfully!

[23:17:27] [Server thread/INFO]: EliteArmor: Loaded Modifiers: supreme_koth.yml successfully!

[23:17:27] [Server thread/INFO]: EliteArmor: Loaded Modifiers: phantom_dragon.yml successfully!

[23:17:27] [Server thread/INFO]: EliteArmor: Loaded Modifiers: dragon_ranger.yml successfully!

[23:17:27] [Server thread/INFO]: EliteArmor: Loaded Modifiers: yijki_phantom.yml successfully!

[23:17:27] [Server thread/INFO]: EliteArmor: Loaded Modifiers: rift_traveler.yml successfully!

[23:17:27] [Server thread/INFO]: EliteArmor: Loaded Modifiers: phantom_supreme.yml successfully!

[23:17:27] [Server thread/INFO]: EliteArmor: Loaded Modifiers: dragon_traveler.yml successfully!

[23:17:27] [Server thread/INFO]: EliteArmor: Loaded Modifiers: yijki_rift.yml successfully!

[23:17:27] [Server thread/INFO]: EliteArmor: Loaded Modifiers: dragon_spectrum.yml successfully!

[23:17:27] [Server thread/INFO]: EliteArmor: Loaded Modifiers: yijki_supreme.yml successfully!

[23:17:27] [Thread-8/WARN]: [NBTAPI] The NBT-API located at 'package net.splodgebox.elitearmor.pluginapi.item.nbt' seems to be outdated!
[23:17:27] [Thread-8/WARN]: [NBTAPI] Current Version: '2.11.1' Newest Version: 2.11.2'
[23:17:27] [Thread-8/WARN]: [NBTAPI] Please update the NBTAPI or the plugin that contains the api(nag the mod author when the newest release has an old version, not the NBTAPI dev)!
[23:17:27] [Server thread/INFO]: EliteArmor: Loaded Modifiers: yeti_koth.yml successfully!

[23:17:27] [Server thread/INFO]: EliteArmor: Loaded Modifiers: dragon_koth.yml successfully!

[23:17:28] [Server thread/INFO]: EliteArmor: Loaded Modifiers: engineer_koth.yml successfully!

[23:17:28] [Server thread/INFO]: EliteArmor: Loaded Modifiers: dragon_supreme.yml successfully!

[23:17:28] [Server thread/INFO]: EliteArmor: Loaded Modifiers: yijki_yijki.yml successfully!

[23:17:28] [Server thread/INFO]: EliteArmor: Loaded Modifiers: koth_yijki.yml successfully!

[23:17:28] [Server thread/INFO]: EliteArmor: Loaded Modifiers: engineer_supreme.yml successfully!

[23:17:28] [Server thread/INFO]: EliteArmor: Loaded Modifiers: koth_supreme.yml successfully!

[23:17:28] [Server thread/INFO]: EliteArmor: Loaded Modifiers: rift_rift.yml successfully!

[23:17:28] [Server thread/INFO]: EliteArmor: Loaded Modifiers: traveler_engineer.yml successfully!

[23:17:28] [Server thread/INFO]: EliteArmor: Loaded Modifiers: spectrum.yml successfully!

[23:17:28] [Server thread/INFO]: EliteArmor: Loaded Modifiers: koth_spectrum.yml successfully!

[23:17:28] [Server thread/INFO]: EliteArmor: Loaded Modifiers: phantom_yijki.yml successfully!

[23:17:28] [Server thread/INFO]: EliteArmor: Loaded Modifiers: phantom_spectrum.yml successfully!

[23:17:28] [Server thread/INFO]: EliteArmor: Loaded Modifiers: traveler_spectrum.yml successfully!

[23:17:28] [Server thread/INFO]: EliteArmor: Loaded Modifiers: traveler_yeti.yml successfully!

[23:17:28] [Server thread/INFO]: EliteArmor: Loaded Modifiers: spectrum_phantom.yml successfully!

[23:17:28] [Server thread/INFO]: EliteArmor: Loaded Modifiers: rift_spectrum.yml successfully!

[23:17:28] [Server thread/INFO]: EliteArmor: Loaded Modifiers: engineer_yeti.yml successfully!

[23:17:28] [Server thread/INFO]: EliteArmor: Loaded Modifiers: spectrum_rift.yml successfully!

[23:17:28] [Server thread/INFO]: EliteArmor: Loaded Modifiers: spectrum_spectrum.yml successfully!

[23:17:28] [Server thread/INFO]: EliteArmor: Loaded Modifiers: ranger_koth.yml successfully!

[23:17:28] [Server thread/INFO]: EliteArmor: Loaded Modifiers: rift_phantom.yml successfully!

[23:17:28] [Server thread/INFO]: EliteArmor: Loaded Modifiers: engineer_spectrum.yml successfully!

[23:17:28] [Server thread/INFO]: EliteArmor: Loaded Modifiers: traveler_rift.yml successfully!

[23:17:28] [Server thread/INFO]: EliteArmor: Loaded Modifiers: engineer_dragon.yml successfully!

[23:17:28] [Server thread/INFO]: EliteArmor: Loaded Modifiers: dragon_engineer.yml successfully!

[23:17:28] [Server thread/INFO]: EliteArmor: Loaded Modifiers: koth_ranger.yml successfully!

[23:17:28] [Server thread/INFO]: EliteArmor: Loaded Modifiers: phantom_engineer.yml successfully!

[23:17:28] [Server thread/INFO]: EliteArmor: Loaded Modifiers: yijki_koth.yml successfully!

[23:17:28] [Server thread/INFO]: EliteArmor: Loaded Modifiers: supreme_ranger.yml successfully!

[23:17:28] [Server thread/INFO]: EliteArmor: Loaded Modifiers: spectrum_yijki.yml successfully!

[23:17:28] [Server thread/INFO]: EliteArmor: Loaded Modifiers: ranger_engineer.yml successfully!

[23:17:28] [Server thread/INFO]: EliteArmor: Loaded Modifiers: yeti_ranger.yml successfully!

[23:17:28] [Server thread/INFO]: EliteArmor: Loaded Modifiers: spectrum_traveler.yml successfully!

[23:17:28] [Server thread/INFO]: EliteArmor: Loaded Modifiers: phantom_yeti.yml successfully!

[23:17:28] [Server thread/INFO]: EliteArmor: Loaded Modifiers: supreme_yeti.yml successfully!

[23:17:28] [Server thread/INFO]: EliteArmor: Loaded Modifiers: yeti_yeti.yml successfully!

[23:17:28] [Server thread/INFO]: EliteArmor: Loaded Modifiers: spectrum_engineer.yml successfully!

[23:17:28] [Server thread/INFO]: EliteArmor: Loaded Modifiers: yeti_dragon.yml successfully!

[23:17:28] [Server thread/INFO]: EliteArmor: Loaded Modifiers: spectrum_yeti.yml successfully!

[23:17:28] [Server thread/INFO]: EliteArmor: Loaded Modifiers: koth_koth.yml successfully!

[23:17:28] [Server thread/INFO]: EliteArmor: Loaded Modifiers: traveler_yijki.yml successfully!

[23:17:28] [Server thread/INFO]: EliteArmor: Loaded Modifiers: ranger_dragon.yml successfully!

[23:17:28] [Server thread/INFO]: EliteArmor: Loaded Modifiers: ranger_traveler.yml successfully!

[23:17:28] [Server thread/INFO]: EliteArmor: Loaded Modifiers: engineer_rift.yml successfully!

[23:17:28] [Server thread/INFO]: EliteArmor: Loaded Modifiers: koth.yml successfully!

[23:17:28] [Server thread/INFO]: EliteArmor: Loaded Modifiers: yeti.yml successfully!

[23:17:28] [Server thread/INFO]: EliteArmor: Loaded Modifiers: engineer.yml successfully!

[23:17:28] [Server thread/INFO]: EliteArmor: Loaded Modifiers: engineer_ranger.yml successfully!

[23:17:28] [Server thread/INFO]: EliteArmor: Loaded Modifiers: rift_yijki.yml successfully!

[23:17:28] [Server thread/INFO]: EliteArmor: Loaded Modifiers: ranger_ranger.yml successfully!

[23:17:28] [Server thread/INFO]: EliteArmor: Loaded Modifiers: engineer_yijki.yml successfully!

[23:17:28] [Server thread/INFO]: EliteArmor: Loaded Modifiers: supreme_yijki.yml successfully!

[23:17:28] [Server thread/INFO]: EliteArmor: Loaded Modifiers: traveler_dragon.yml successfully!

[23:17:28] [Server thread/INFO]: EliteArmor: Loaded Modifiers: dragon_yijki.yml successfully!

[23:17:28] [Server thread/INFO]: EliteArmor: Loaded Modifiers: phantom_koth.yml successfully!

[23:17:28] [Server thread/INFO]: EliteArmor: Loaded Modifiers: traveler_ranger.yml successfully!

[23:17:28] [Server thread/INFO]: EliteArmor: Loaded Modifiers: supreme_dragon.yml successfully!

[23:17:28] [Server thread/INFO]: EliteArmor: Loaded Modifiers: yijki_traveler.yml successfully!

[23:17:28] [Server thread/INFO]: EliteArmor: Loaded Modifiers: traveler_phantom.yml successfully!

[23:17:28] [Server thread/INFO]: EliteArmor: Loaded Modifiers: rift_koth.yml successfully!

[23:17:28] [Server thread/INFO]: EliteArmor: Loaded Modifiers: ranger_yeti.yml successfully!

[23:17:28] [Server thread/INFO]: EliteArmor: Loaded Modifiers: ranger_rift.yml successfully!

[23:17:28] [Server thread/INFO]: EliteArmor: Loaded Modifiers: ranger_spectrum.yml successfully!

[23:17:28] [Server thread/INFO]: EliteArmor: Loaded Modifiers: yeti_rift.yml successfully!

[23:17:28] [Server thread/INFO]: EliteArmor: Loaded Modifiers: rift_supreme.yml successfully!

[23:17:28] [Server thread/INFO]: EliteArmor: Loaded Modifiers: koth_engineer.yml successfully!

[23:17:28] [Server thread/INFO]: EliteArmor: Loaded Modifiers: rift_dragon.yml successfully!

[23:17:28] [Server thread/INFO]: EliteArmor: Loaded Modifiers: supreme_traveler.yml successfully!

[23:17:28] [Server thread/INFO]: EliteArmor: Loaded Modifiers: supreme_supreme.yml successfully!

[23:17:28] [Server thread/INFO]: EliteArmor: Loaded Modifiers: koth_phantom.yml successfully!

[23:17:28] [Server thread/INFO]: EliteArmor: Loaded Modifiers: phantom_ranger.yml successfully!

[23:17:28] [Server thread/INFO]: EliteArmor: Loaded Modifiers: ranger_phantom.yml successfully!

[23:17:28] [Server thread/INFO]: EliteArmor: Loaded Modifiers: phantom_traveler.yml successfully!

[23:17:28] [Server thread/INFO]: EliteArmor: Loaded Modifiers: engineer_traveler.yml successfully!

[23:17:28] [Server thread/INFO]: EliteArmor: Loaded Modifiers: supreme_rift.yml successfully!

[23:17:28] [Server thread/INFO]: EliteArmor: Loaded Modifiers: yeti_phantom.yml successfully!

[23:17:28] [Server thread/INFO]: EliteArmor: Loaded Modifiers: koth_yeti.yml successfully!

[23:17:28] [Server thread/INFO]: EliteArmor: Loaded Modifiers: ranger_supreme.yml successfully!

[23:17:28] [Server thread/INFO]: EliteArmor: Loaded Modifiers: yeti_engineer.yml successfully!

[23:17:28] [Server thread/INFO]: EliteArmor: Loaded Modifiers: yijki_spectrum.yml successfully!

[23:17:28] [Server thread/INFO]: EliteArmor: Loaded Modifiers: spectrum_supreme.yml successfully!

[23:17:28] [Server thread/INFO]: EliteArmor: Loaded Modifiers: yijki_engineer.yml successfully!

[23:17:28] [Server thread/INFO]: EliteArmor: Loaded Modifiers: phantom_phantom.yml successfully!

[23:17:28] [Server thread/INFO]: EliteArmor: Loaded Modifiers: dragon_yeti.yml successfully!

[23:17:28] [Server thread/INFO]: EliteArmor: Loaded Modifiers: yijki_dragon.yml successfully!

[23:17:28] [Server thread/INFO]: EliteArmor: Loaded Modifiers: ranger.yml successfully!

[23:17:28] [Server thread/INFO]: EliteArmor: Loaded Modifiers: koth_rift.yml successfully!

[23:17:28] [Server thread/INFO]: EliteArmor: Loaded Modifiers: yijki_ranger.yml successfully!

[23:17:28] [Server thread/INFO]: EliteArmor: Loaded Modifiers: yeti_yijki.yml successfully!

[23:17:28] [Server thread/INFO]: EliteArmor: Loaded Modifiers: yeti_spectrum.yml successfully!

[23:17:28] [Server thread/INFO]: EliteArmor: Loaded Modifiers: spectrum_dragon.yml successfully!

[23:17:28] [Server thread/INFO]: EliteArmor: Loaded Modifiers: engineer_engineer.yml successfully!

[23:17:28] [Server thread/INFO]: EliteArmor: Loaded Modifiers: rift.yml successfully!

[23:17:28] [Server thread/INFO]: EliteArmor: Loaded Modifiers: rift_engineer.yml successfully!

[23:17:28] [Server thread/INFO]: EliteArmor: Loaded Modifiers: spectrum_ranger.yml successfully!

[23:17:28] [Server thread/INFO]: EliteArmor: Loaded Modifiers: dragon_rift.yml successfully!

[23:17:28] [Server thread/INFO]: EliteArmor: Loaded Modifiers: supreme_phantom.yml successfully!

[23:17:28] [Server thread/INFO]: EliteArmor: Loaded Modifiers: traveler.yml successfully!

[23:17:28] [Server thread/INFO]: EliteArmor: Loaded Modifiers: rift_yeti.yml successfully!

[23:17:28] [Server thread/INFO]: EliteArmor: Loaded Modifiers: ranger_yijki.yml successfully!

